ERROR - 2024-12-27 08:34:33 --> Error connecting to the database: mysqli_sql_exception: No such file or directory in /var/www/html/gpx-history/vendor/codeigniter4/framework/system/Database/MySQLi/Connection.php:186
Stack trace:
#0 /var/www/html/gpx-history/vendor/codeigniter4/framework/system/Database/MySQLi/Connection.php(186): mysqli->real_connect('localhost', 'root', Object(SensitiveParameterValue), 'gpx-history', 3306, '', 0)
#1 /var/www/html/gpx-history/vendor/codeigniter4/framework/system/Database/BaseConnection.php(421): CodeIgniter\Database\MySQLi\Connection->connect(false)
#2 /var/www/html/gpx-history/vendor/codeigniter4/framework/system/Database/BaseConnection.php(616): CodeIgniter\Database\BaseConnection->initialize()
#3 /var/www/html/gpx-history/vendor/codeigniter4/framework/system/Database/BaseConnection.php(1485): CodeIgniter\Database\BaseConnection->query('SHOW TABLES FRO...')
#4 /var/www/html/gpx-history/vendor/codeigniter4/framework/system/Database/BaseConnection.php(1505): CodeIgniter\Database\BaseConnection->listTables()
#5 /var/www/html/gpx-history/vendor/codeigniter4/framework/system/Database/MigrationRunner.php(759): CodeIgniter\Database\BaseConnection->tableExists('migrations')
#6 /var/www/html/gpx-history/vendor/codeigniter4/framework/system/Database/MigrationRunner.php(163): CodeIgniter\Database\MigrationRunner->ensureTable()
#7 /var/www/html/gpx-history/vendor/codeigniter4/framework/system/Commands/Database/Migrate.php(85): CodeIgniter\Database\MigrationRunner->latest(NULL)
#8 /var/www/html/gpx-history/vendor/codeigniter4/shield/src/Commands/Setup.php(430): CodeIgniter\Commands\Database\Migrate->run(Array)
#9 /var/www/html/gpx-history/vendor/codeigniter4/shield/src/Commands/Setup.php(97): CodeIgniter\Shield\Commands\Setup->runMigrations()
#10 /var/www/html/gpx-history/vendor/codeigniter4/shield/src/Commands/Setup.php(82): CodeIgniter\Shield\Commands\Setup->publishConfig()
#11 /var/www/html/gpx-history/vendor/codeigniter4/framework/system/CLI/Commands.php(70): CodeIgniter\Shield\Commands\Setup->run(Array)
#12 /var/www/html/gpx-history/vendor/codeigniter4/framework/system/CLI/Console.php(48): CodeIgniter\CLI\Commands->run('shield:setup', Array)
#13 /var/www/html/gpx-history/vendor/codeigniter4/framework/system/Boot.php(351): CodeIgniter\CLI\Console->run()
#14 /var/www/html/gpx-history/vendor/codeigniter4/framework/system/Boot.php(104): CodeIgniter\Boot::runCommand(Object(CodeIgniter\CLI\Console))
#15 /var/www/html/gpx-history/spark(84): CodeIgniter\Boot::bootSpark(Object(Config\Paths))
#16 {main}

Next CodeIgniter\Database\Exceptions\DatabaseException: No such file or directory in /var/www/html/gpx-history/vendor/codeigniter4/framework/system/Database/MySQLi/Connection.php:231
Stack trace:
#0 /var/www/html/gpx-history/vendor/codeigniter4/framework/system/Database/BaseConnection.php(421): CodeIgniter\Database\MySQLi\Connection->connect(false)
#1 /var/www/html/gpx-history/vendor/codeigniter4/framework/system/Database/BaseConnection.php(616): CodeIgniter\Database\BaseConnection->initialize()
#2 /var/www/html/gpx-history/vendor/codeigniter4/framework/system/Database/BaseConnection.php(1485): CodeIgniter\Database\BaseConnection->query('SHOW TABLES FRO...')
#3 /var/www/html/gpx-history/vendor/codeigniter4/framework/system/Database/BaseConnection.php(1505): CodeIgniter\Database\BaseConnection->listTables()
#4 /var/www/html/gpx-history/vendor/codeigniter4/framework/system/Database/MigrationRunner.php(759): CodeIgniter\Database\BaseConnection->tableExists('migrations')
#5 /var/www/html/gpx-history/vendor/codeigniter4/framework/system/Database/MigrationRunner.php(163): CodeIgniter\Database\MigrationRunner->ensureTable()
#6 /var/www/html/gpx-history/vendor/codeigniter4/framework/system/Commands/Database/Migrate.php(85): CodeIgniter\Database\MigrationRunner->latest(NULL)
#7 /var/www/html/gpx-history/vendor/codeigniter4/shield/src/Commands/Setup.php(430): CodeIgniter\Commands\Database\Migrate->run(Array)
#8 /var/www/html/gpx-history/vendor/codeigniter4/shield/src/Commands/Setup.php(97): CodeIgniter\Shield\Commands\Setup->runMigrations()
#9 /var/www/html/gpx-history/vendor/codeigniter4/shield/src/Commands/Setup.php(82): CodeIgniter\Shield\Commands\Setup->publishConfig()
#10 /var/www/html/gpx-history/vendor/codeigniter4/framework/system/CLI/Commands.php(70): CodeIgniter\Shield\Commands\Setup->run(Array)
#11 /var/www/html/gpx-history/vendor/codeigniter4/framework/system/CLI/Console.php(48): CodeIgniter\CLI\Commands->run('shield:setup', Array)
#12 /var/www/html/gpx-history/vendor/codeigniter4/framework/system/Boot.php(351): CodeIgniter\CLI\Console->run()
#13 /var/www/html/gpx-history/vendor/codeigniter4/framework/system/Boot.php(104): CodeIgniter\Boot::runCommand(Object(CodeIgniter\CLI\Console))
#14 /var/www/html/gpx-history/spark(84): CodeIgniter\Boot::bootSpark(Object(Config\Paths))
#15 {main}
ERROR - 2024-12-27 08:36:31 --> Error connecting to the database: mysqli_sql_exception: No such file or directory in /var/www/html/gpx-history/vendor/codeigniter4/framework/system/Database/MySQLi/Connection.php:186
Stack trace:
#0 /var/www/html/gpx-history/vendor/codeigniter4/framework/system/Database/MySQLi/Connection.php(186): mysqli->real_connect('localhost', 'root', Object(SensitiveParameterValue), 'gpx-history', 3306, '', 0)
#1 /var/www/html/gpx-history/vendor/codeigniter4/framework/system/Database/BaseConnection.php(421): CodeIgniter\Database\MySQLi\Connection->connect(false)
#2 /var/www/html/gpx-history/vendor/codeigniter4/framework/system/Database/BaseConnection.php(616): CodeIgniter\Database\BaseConnection->initialize()
#3 /var/www/html/gpx-history/vendor/codeigniter4/framework/system/Database/BaseConnection.php(1485): CodeIgniter\Database\BaseConnection->query('SHOW TABLES FRO...')
#4 /var/www/html/gpx-history/vendor/codeigniter4/framework/system/Database/BaseConnection.php(1505): CodeIgniter\Database\BaseConnection->listTables()
#5 /var/www/html/gpx-history/vendor/codeigniter4/framework/system/Database/MigrationRunner.php(759): CodeIgniter\Database\BaseConnection->tableExists('migrations')
#6 /var/www/html/gpx-history/vendor/codeigniter4/framework/system/Database/MigrationRunner.php(163): CodeIgniter\Database\MigrationRunner->ensureTable()
#7 /var/www/html/gpx-history/vendor/codeigniter4/framework/system/Commands/Database/Migrate.php(85): CodeIgniter\Database\MigrationRunner->latest(NULL)
#8 /var/www/html/gpx-history/vendor/codeigniter4/shield/src/Commands/Setup.php(430): CodeIgniter\Commands\Database\Migrate->run(Array)
#9 /var/www/html/gpx-history/vendor/codeigniter4/shield/src/Commands/Setup.php(97): CodeIgniter\Shield\Commands\Setup->runMigrations()
#10 /var/www/html/gpx-history/vendor/codeigniter4/shield/src/Commands/Setup.php(82): CodeIgniter\Shield\Commands\Setup->publishConfig()
#11 /var/www/html/gpx-history/vendor/codeigniter4/framework/system/CLI/Commands.php(70): CodeIgniter\Shield\Commands\Setup->run(Array)
#12 /var/www/html/gpx-history/vendor/codeigniter4/framework/system/CLI/Console.php(48): CodeIgniter\CLI\Commands->run('shield:setup', Array)
#13 /var/www/html/gpx-history/vendor/codeigniter4/framework/system/Boot.php(351): CodeIgniter\CLI\Console->run()
#14 /var/www/html/gpx-history/vendor/codeigniter4/framework/system/Boot.php(104): CodeIgniter\Boot::runCommand(Object(CodeIgniter\CLI\Console))
#15 /var/www/html/gpx-history/spark(84): CodeIgniter\Boot::bootSpark(Object(Config\Paths))
#16 {main}

Next CodeIgniter\Database\Exceptions\DatabaseException: No such file or directory in /var/www/html/gpx-history/vendor/codeigniter4/framework/system/Database/MySQLi/Connection.php:231
Stack trace:
#0 /var/www/html/gpx-history/vendor/codeigniter4/framework/system/Database/BaseConnection.php(421): CodeIgniter\Database\MySQLi\Connection->connect(false)
#1 /var/www/html/gpx-history/vendor/codeigniter4/framework/system/Database/BaseConnection.php(616): CodeIgniter\Database\BaseConnection->initialize()
#2 /var/www/html/gpx-history/vendor/codeigniter4/framework/system/Database/BaseConnection.php(1485): CodeIgniter\Database\BaseConnection->query('SHOW TABLES FRO...')
#3 /var/www/html/gpx-history/vendor/codeigniter4/framework/system/Database/BaseConnection.php(1505): CodeIgniter\Database\BaseConnection->listTables()
#4 /var/www/html/gpx-history/vendor/codeigniter4/framework/system/Database/MigrationRunner.php(759): CodeIgniter\Database\BaseConnection->tableExists('migrations')
#5 /var/www/html/gpx-history/vendor/codeigniter4/framework/system/Database/MigrationRunner.php(163): CodeIgniter\Database\MigrationRunner->ensureTable()
#6 /var/www/html/gpx-history/vendor/codeigniter4/framework/system/Commands/Database/Migrate.php(85): CodeIgniter\Database\MigrationRunner->latest(NULL)
#7 /var/www/html/gpx-history/vendor/codeigniter4/shield/src/Commands/Setup.php(430): CodeIgniter\Commands\Database\Migrate->run(Array)
#8 /var/www/html/gpx-history/vendor/codeigniter4/shield/src/Commands/Setup.php(97): CodeIgniter\Shield\Commands\Setup->runMigrations()
#9 /var/www/html/gpx-history/vendor/codeigniter4/shield/src/Commands/Setup.php(82): CodeIgniter\Shield\Commands\Setup->publishConfig()
#10 /var/www/html/gpx-history/vendor/codeigniter4/framework/system/CLI/Commands.php(70): CodeIgniter\Shield\Commands\Setup->run(Array)
#11 /var/www/html/gpx-history/vendor/codeigniter4/framework/system/CLI/Console.php(48): CodeIgniter\CLI\Commands->run('shield:setup', Array)
#12 /var/www/html/gpx-history/vendor/codeigniter4/framework/system/Boot.php(351): CodeIgniter\CLI\Console->run()
#13 /var/www/html/gpx-history/vendor/codeigniter4/framework/system/Boot.php(104): CodeIgniter\Boot::runCommand(Object(CodeIgniter\CLI\Console))
#14 /var/www/html/gpx-history/spark(84): CodeIgniter\Boot::bootSpark(Object(Config\Paths))
#15 {main}
INFO - 2024-12-27 08:38:34 --> Session: Class initialized using 'CodeIgniter\Session\Handlers\FileHandler' driver.
INFO - 2024-12-27 08:38:34 --> Session: Class initialized using 'CodeIgniter\Session\Handlers\FileHandler' driver.
INFO - 2024-12-27 08:38:41 --> Session: Class initialized using 'CodeIgniter\Session\Handlers\FileHandler' driver.
INFO - 2024-12-27 08:38:41 --> Session: Class initialized using 'CodeIgniter\Session\Handlers\FileHandler' driver.
INFO - 2024-12-27 08:38:56 --> Session: Class initialized using 'CodeIgniter\Session\Handlers\FileHandler' driver.
INFO - 2024-12-27 08:38:56 --> Session: Class initialized using 'CodeIgniter\Session\Handlers\FileHandler' driver.
INFO - 2024-12-27 08:38:56 --> Session: Class initialized using 'CodeIgniter\Session\Handlers\FileHandler' driver.
INFO - 2024-12-27 08:39:10 --> Session: Class initialized using 'CodeIgniter\Session\Handlers\FileHandler' driver.
INFO - 2024-12-27 08:39:10 --> Session: Class initialized using 'CodeIgniter\Session\Handlers\FileHandler' driver.
INFO - 2024-12-27 08:39:11 --> Session: Class initialized using 'CodeIgniter\Session\Handlers\FileHandler' driver.
INFO - 2024-12-27 08:50:51 --> Session: Class initialized using 'CodeIgniter\Session\Handlers\FileHandler' driver.
INFO - 2024-12-27 08:50:51 --> Session: Class initialized using 'CodeIgniter\Session\Handlers\FileHandler' driver.
INFO - 2024-12-27 08:50:51 --> Session: Class initialized using 'CodeIgniter\Session\Handlers\FileHandler' driver.
INFO - 2024-12-27 08:52:08 --> Session: Class initialized using 'CodeIgniter\Session\Handlers\FileHandler' driver.
INFO - 2024-12-27 08:53:13 --> Session: Class initialized using 'CodeIgniter\Session\Handlers\FileHandler' driver.
INFO - 2024-12-27 08:53:18 --> Session: Class initialized using 'CodeIgniter\Session\Handlers\FileHandler' driver.
INFO - 2024-12-27 08:53:18 --> Session: Class initialized using 'CodeIgniter\Session\Handlers\FileHandler' driver.
INFO - 2024-12-27 08:53:34 --> Session: Class initialized using 'CodeIgniter\Session\Handlers\FileHandler' driver.
INFO - 2024-12-27 08:53:34 --> Session: Class initialized using 'CodeIgniter\Session\Handlers\FileHandler' driver.
INFO - 2024-12-27 08:53:34 --> Session: Class initialized using 'CodeIgniter\Session\Handlers\FileHandler' driver.
INFO - 2024-12-27 08:53:34 --> Session: Class initialized using 'CodeIgniter\Session\Handlers\FileHandler' driver.
INFO - 2024-12-27 08:53:34 --> Session: Class initialized using 'CodeIgniter\Session\Handlers\FileHandler' driver.
INFO - 2024-12-27 08:53:34 --> Session: Class initialized using 'CodeIgniter\Session\Handlers\FileHandler' driver.
INFO - 2024-12-27 08:53:34 --> Session: Class initialized using 'CodeIgniter\Session\Handlers\FileHandler' driver.
INFO - 2024-12-27 08:53:34 --> Session: Class initialized using 'CodeIgniter\Session\Handlers\FileHandler' driver.
INFO - 2024-12-27 08:53:34 --> Session: Class initialized using 'CodeIgniter\Session\Handlers\FileHandler' driver.
INFO - 2024-12-27 08:53:34 --> Session: Class initialized using 'CodeIgniter\Session\Handlers\FileHandler' driver.
INFO - 2024-12-27 08:53:34 --> Session: Class initialized using 'CodeIgniter\Session\Handlers\FileHandler' driver.
INFO - 2024-12-27 08:56:59 --> Session: Class initialized using 'CodeIgniter\Session\Handlers\FileHandler' driver.
INFO - 2024-12-27 08:56:59 --> Session: Class initialized using 'CodeIgniter\Session\Handlers\FileHandler' driver.
INFO - 2024-12-27 08:56:59 --> Session: Class initialized using 'CodeIgniter\Session\Handlers\FileHandler' driver.
INFO - 2024-12-27 08:56:59 --> Session: Class initialized using 'CodeIgniter\Session\Handlers\FileHandler' driver.
INFO - 2024-12-27 08:56:59 --> Session: Class initialized using 'CodeIgniter\Session\Handlers\FileHandler' driver.
INFO - 2024-12-27 08:56:59 --> Session: Class initialized using 'CodeIgniter\Session\Handlers\FileHandler' driver.
INFO - 2024-12-27 08:56:59 --> Session: Class initialized using 'CodeIgniter\Session\Handlers\FileHandler' driver.
INFO - 2024-12-27 08:56:59 --> Session: Class initialized using 'CodeIgniter\Session\Handlers\FileHandler' driver.
INFO - 2024-12-27 08:56:59 --> Session: Class initialized using 'CodeIgniter\Session\Handlers\FileHandler' driver.
INFO - 2024-12-27 08:56:59 --> Session: Class initialized using 'CodeIgniter\Session\Handlers\FileHandler' driver.
INFO - 2024-12-27 08:56:59 --> Session: Class initialized using 'CodeIgniter\Session\Handlers\FileHandler' driver.
INFO - 2024-12-27 08:57:49 --> Session: Class initialized using 'CodeIgniter\Session\Handlers\FileHandler' driver.
INFO - 2024-12-27 08:57:49 --> Session: Class initialized using 'CodeIgniter\Session\Handlers\FileHandler' driver.
INFO - 2024-12-27 08:57:49 --> Session: Class initialized using 'CodeIgniter\Session\Handlers\FileHandler' driver.
INFO - 2024-12-27 08:58:07 --> Session: Class initialized using 'CodeIgniter\Session\Handlers\FileHandler' driver.
INFO - 2024-12-27 08:58:07 --> Session: Class initialized using 'CodeIgniter\Session\Handlers\FileHandler' driver.
INFO - 2024-12-27 08:58:07 --> Session: Class initialized using 'CodeIgniter\Session\Handlers\FileHandler' driver.
CRITICAL - 2024-12-27 09:02:30 --> CodeIgniter\HTTP\Exceptions\HTTPException: Failed to parse JSON string. Error: Syntax error
[Method: POST, Route: auth/login]
in SYSTEMPATH/HTTP/IncomingRequest.php on line 537.
 1 SYSTEMPATH/HTTP/IncomingRequest.php(537): CodeIgniter\HTTP\Exceptions\HTTPException::forInvalidJSON('Syntax error')
 2 APPPATH/Controllers/AuthController.php(17): CodeIgniter\HTTP\IncomingRequest->getJSON()
 3 SYSTEMPATH/CodeIgniter.php(933): App\Controllers\AuthController->login()
 4 SYSTEMPATH/CodeIgniter.php(509): CodeIgniter\CodeIgniter->runController(Object(App\Controllers\AuthController))
 5 SYSTEMPATH/CodeIgniter.php(355): CodeIgniter\CodeIgniter->handleRequest(null, Object(Config\Cache), false)
 6 SYSTEMPATH/Boot.php(325): CodeIgniter\CodeIgniter->run()
 7 SYSTEMPATH/Boot.php(67): CodeIgniter\Boot::runCodeIgniter(Object(CodeIgniter\CodeIgniter))
 8 FCPATH/index.php(56): CodeIgniter\Boot::bootWeb(Object(Config\Paths))
 9 SYSTEMPATH/rewrite.php(44): require_once('/var/www/html/gpx-history/public/index.php')
CRITICAL - 2024-12-27 09:03:15 --> TypeError: CodeIgniter\Shield\Authentication\Authenticators\Session::login(): Argument #1 ($user) must be of type CodeIgniter\Shield\Entities\User, string given, called in /var/www/html/gpx-history/vendor/codeigniter4/shield/src/Auth.php on line 191
[Method: POST, Route: auth/login]
in VENDORPATH/codeigniter4/shield/src/Authentication/Authenticators/Session.php on line 733.
 1 VENDORPATH/codeigniter4/shield/src/Auth.php(191): CodeIgniter\Shield\Authentication\Authenticators\Session->login('info@osonaweb.cat', 'Ie0$qyXrNXO4YaaZ')
 2 APPPATH/Controllers/AuthController.php(28): CodeIgniter\Shield\Auth->__call('login', [...])
 3 SYSTEMPATH/CodeIgniter.php(933): App\Controllers\AuthController->login()
 4 SYSTEMPATH/CodeIgniter.php(509): CodeIgniter\CodeIgniter->runController(Object(App\Controllers\AuthController))
 5 SYSTEMPATH/CodeIgniter.php(355): CodeIgniter\CodeIgniter->handleRequest(null, Object(Config\Cache), false)
 6 SYSTEMPATH/Boot.php(325): CodeIgniter\CodeIgniter->run()
 7 SYSTEMPATH/Boot.php(67): CodeIgniter\Boot::runCodeIgniter(Object(CodeIgniter\CodeIgniter))
 8 FCPATH/index.php(56): CodeIgniter\Boot::bootWeb(Object(Config\Paths))
 9 SYSTEMPATH/rewrite.php(44): require_once('/var/www/html/gpx-history/public/index.php')
CRITICAL - 2024-12-27 09:03:42 --> TypeError: CodeIgniter\Shield\Authentication\Authenticators\Session::login(): Argument #1 ($user) must be of type CodeIgniter\Shield\Entities\User, string given, called in /var/www/html/gpx-history/vendor/codeigniter4/shield/src/Auth.php on line 191
[Method: POST, Route: auth/login]
in VENDORPATH/codeigniter4/shield/src/Authentication/Authenticators/Session.php on line 733.
 1 VENDORPATH/codeigniter4/shield/src/Auth.php(191): CodeIgniter\Shield\Authentication\Authenticators\Session->login('info@osonaweb.cat', 'Ie0$qyXrNXO4YaaZ')
 2 APPPATH/Controllers/AuthController.php(28): CodeIgniter\Shield\Auth->__call('login', [...])
 3 SYSTEMPATH/CodeIgniter.php(933): App\Controllers\AuthController->login()
 4 SYSTEMPATH/CodeIgniter.php(509): CodeIgniter\CodeIgniter->runController(Object(App\Controllers\AuthController))
 5 SYSTEMPATH/CodeIgniter.php(355): CodeIgniter\CodeIgniter->handleRequest(null, Object(Config\Cache), false)
 6 SYSTEMPATH/Boot.php(325): CodeIgniter\CodeIgniter->run()
 7 SYSTEMPATH/Boot.php(67): CodeIgniter\Boot::runCodeIgniter(Object(CodeIgniter\CodeIgniter))
 8 FCPATH/index.php(56): CodeIgniter\Boot::bootWeb(Object(Config\Paths))
 9 SYSTEMPATH/rewrite.php(44): require_once('/var/www/html/gpx-history/public/index.php')
CRITICAL - 2024-12-27 09:07:12 --> Error: Class "App\Models\UserModel" not found
[Method: POST, Route: auth/login]
in APPPATH/Controllers/AuthController.php on line 27.
 1 SYSTEMPATH/CodeIgniter.php(933): App\Controllers\AuthController->login()
 2 SYSTEMPATH/CodeIgniter.php(509): CodeIgniter\CodeIgniter->runController(Object(App\Controllers\AuthController))
 3 SYSTEMPATH/CodeIgniter.php(355): CodeIgniter\CodeIgniter->handleRequest(null, Object(Config\Cache), false)
 4 SYSTEMPATH/Boot.php(325): CodeIgniter\CodeIgniter->run()
 5 SYSTEMPATH/Boot.php(67): CodeIgniter\Boot::runCodeIgniter(Object(CodeIgniter\CodeIgniter))
 6 FCPATH/index.php(56): CodeIgniter\Boot::bootWeb(Object(Config\Paths))
 7 SYSTEMPATH/rewrite.php(44): require_once('/var/www/html/gpx-history/public/index.php')
ERROR - 2024-12-27 09:12:47 --> mysqli_sql_exception: Unknown column 'email' in 'where clause' in /var/www/html/gpx-history/vendor/codeigniter4/framework/system/Database/MySQLi/Connection.php:312
Stack trace:
#0 /var/www/html/gpx-history/vendor/codeigniter4/framework/system/Database/MySQLi/Connection.php(312): mysqli->query('SELECT *\nFROM `...', 0)
#1 /var/www/html/gpx-history/vendor/codeigniter4/framework/system/Database/BaseConnection.php(734): CodeIgniter\Database\MySQLi\Connection->execute('SELECT *\nFROM `...')
#2 /var/www/html/gpx-history/vendor/codeigniter4/framework/system/Database/BaseConnection.php(648): CodeIgniter\Database\BaseConnection->simpleQuery('SELECT *\nFROM `...')
#3 /var/www/html/gpx-history/vendor/codeigniter4/framework/system/Database/BaseBuilder.php(1644): CodeIgniter\Database\BaseConnection->query('SELECT *\nFROM `...', Array, false)
#4 /var/www/html/gpx-history/vendor/codeigniter4/framework/system/Model.php(330): CodeIgniter\Database\BaseBuilder->get()
#5 /var/www/html/gpx-history/vendor/codeigniter4/framework/system/BaseModel.php(714): CodeIgniter\Model->doFirst()
#6 /var/www/html/gpx-history/app/Controllers/AuthController.php(28): CodeIgniter\BaseModel->first()
#7 /var/www/html/gpx-history/vendor/codeigniter4/framework/system/CodeIgniter.php(933): App\Controllers\AuthController->login()
#8 /var/www/html/gpx-history/vendor/codeigniter4/framework/system/CodeIgniter.php(509): CodeIgniter\CodeIgniter->runController(Object(App\Controllers\AuthController))
#9 /var/www/html/gpx-history/vendor/codeigniter4/framework/system/CodeIgniter.php(355): CodeIgniter\CodeIgniter->handleRequest(NULL, Object(Config\Cache), false)
#10 /var/www/html/gpx-history/vendor/codeigniter4/framework/system/Boot.php(325): CodeIgniter\CodeIgniter->run()
#11 /var/www/html/gpx-history/vendor/codeigniter4/framework/system/Boot.php(67): CodeIgniter\Boot::runCodeIgniter(Object(CodeIgniter\CodeIgniter))
#12 /var/www/html/gpx-history/public/index.php(56): CodeIgniter\Boot::bootWeb(Object(Config\Paths))
#13 /var/www/html/gpx-history/vendor/codeigniter4/framework/system/rewrite.php(44): require_once('/var/www/html/g...')
#14 {main}
CRITICAL - 2024-12-27 09:12:47 --> CodeIgniter\Database\Exceptions\DatabaseException: Unknown column 'email' in 'where clause'
[Method: POST, Route: auth/login]
in SYSTEMPATH/Database/BaseConnection.php on line 688.
 1 SYSTEMPATH/Database/BaseBuilder.php(1644): CodeIgniter\Database\BaseConnection->query('SELECT *
FROM `auth_identities`
WHERE `email` = :email:
 LIMIT 1', [...], false)
 2 SYSTEMPATH/Model.php(330): CodeIgniter\Database\BaseBuilder->get()
 3 SYSTEMPATH/BaseModel.php(714): CodeIgniter\Model->doFirst()
 4 APPPATH/Controllers/AuthController.php(28): CodeIgniter\BaseModel->first()
 5 SYSTEMPATH/CodeIgniter.php(933): App\Controllers\AuthController->login()
 6 SYSTEMPATH/CodeIgniter.php(509): CodeIgniter\CodeIgniter->runController(Object(App\Controllers\AuthController))
 7 SYSTEMPATH/CodeIgniter.php(355): CodeIgniter\CodeIgniter->handleRequest(null, Object(Config\Cache), false)
 8 SYSTEMPATH/Boot.php(325): CodeIgniter\CodeIgniter->run()
 9 SYSTEMPATH/Boot.php(67): CodeIgniter\Boot::runCodeIgniter(Object(CodeIgniter\CodeIgniter))
10 FCPATH/index.php(56): CodeIgniter\Boot::bootWeb(Object(Config\Paths))
11 SYSTEMPATH/rewrite.php(44): require_once('/var/www/html/gpx-history/public/index.php')
CRITICAL - 2024-12-27 09:12:47 --> [Caused by] CodeIgniter\Database\Exceptions\DatabaseException: Unknown column 'email' in 'where clause'
in SYSTEMPATH/Database/MySQLi/Connection.php on line 317.
 1 SYSTEMPATH/Database/BaseConnection.php(734): CodeIgniter\Database\MySQLi\Connection->execute('SELECT *
FROM `auth_identities`
WHERE `email` = \'info@osonaweb.cat\'
 LIMIT 1')
 2 SYSTEMPATH/Database/BaseConnection.php(648): CodeIgniter\Database\BaseConnection->simpleQuery('SELECT *
FROM `auth_identities`
WHERE `email` = \'info@osonaweb.cat\'
 LIMIT 1')
 3 SYSTEMPATH/Database/BaseBuilder.php(1644): CodeIgniter\Database\BaseConnection->query('SELECT *
FROM `auth_identities`
WHERE `email` = :email:
 LIMIT 1', [...], false)
 4 SYSTEMPATH/Model.php(330): CodeIgniter\Database\BaseBuilder->get()
 5 SYSTEMPATH/BaseModel.php(714): CodeIgniter\Model->doFirst()
 6 APPPATH/Controllers/AuthController.php(28): CodeIgniter\BaseModel->first()
 7 SYSTEMPATH/CodeIgniter.php(933): App\Controllers\AuthController->login()
 8 SYSTEMPATH/CodeIgniter.php(509): CodeIgniter\CodeIgniter->runController(Object(App\Controllers\AuthController))
 9 SYSTEMPATH/CodeIgniter.php(355): CodeIgniter\CodeIgniter->handleRequest(null, Object(Config\Cache), false)
10 SYSTEMPATH/Boot.php(325): CodeIgniter\CodeIgniter->run()
11 SYSTEMPATH/Boot.php(67): CodeIgniter\Boot::runCodeIgniter(Object(CodeIgniter\CodeIgniter))
12 FCPATH/index.php(56): CodeIgniter\Boot::bootWeb(Object(Config\Paths))
13 SYSTEMPATH/rewrite.php(44): require_once('/var/www/html/gpx-history/public/index.php')
CRITICAL - 2024-12-27 09:12:47 --> [Caused by] mysqli_sql_exception: Unknown column 'email' in 'where clause'
in SYSTEMPATH/Database/MySQLi/Connection.php on line 312.
 1 SYSTEMPATH/Database/MySQLi/Connection.php(312): mysqli->query('SELECT *
FROM `auth_identities`
WHERE `email` = \'info@osonaweb.cat\'
 LIMIT 1', 0)
 2 SYSTEMPATH/Database/BaseConnection.php(734): CodeIgniter\Database\MySQLi\Connection->execute('SELECT *
FROM `auth_identities`
WHERE `email` = \'info@osonaweb.cat\'
 LIMIT 1')
 3 SYSTEMPATH/Database/BaseConnection.php(648): CodeIgniter\Database\BaseConnection->simpleQuery('SELECT *
FROM `auth_identities`
WHERE `email` = \'info@osonaweb.cat\'
 LIMIT 1')
 4 SYSTEMPATH/Database/BaseBuilder.php(1644): CodeIgniter\Database\BaseConnection->query('SELECT *
FROM `auth_identities`
WHERE `email` = :email:
 LIMIT 1', [...], false)
 5 SYSTEMPATH/Model.php(330): CodeIgniter\Database\BaseBuilder->get()
 6 SYSTEMPATH/BaseModel.php(714): CodeIgniter\Model->doFirst()
 7 APPPATH/Controllers/AuthController.php(28): CodeIgniter\BaseModel->first()
 8 SYSTEMPATH/CodeIgniter.php(933): App\Controllers\AuthController->login()
 9 SYSTEMPATH/CodeIgniter.php(509): CodeIgniter\CodeIgniter->runController(Object(App\Controllers\AuthController))
10 SYSTEMPATH/CodeIgniter.php(355): CodeIgniter\CodeIgniter->handleRequest(null, Object(Config\Cache), false)
11 SYSTEMPATH/Boot.php(325): CodeIgniter\CodeIgniter->run()
12 SYSTEMPATH/Boot.php(67): CodeIgniter\Boot::runCodeIgniter(Object(CodeIgniter\CodeIgniter))
13 FCPATH/index.php(56): CodeIgniter\Boot::bootWeb(Object(Config\Paths))
14 SYSTEMPATH/rewrite.php(44): require_once('/var/www/html/gpx-history/public/index.php')
CRITICAL - 2024-12-27 09:13:13 --> ErrorException: Undefined array key "password"
[Method: POST, Route: auth/login]
in APPPATH/Controllers/AuthController.php on line 35.
 1 APPPATH/Controllers/AuthController.php(35): CodeIgniter\Debug\Exceptions->errorHandler(2, 'Undefined array key "password"', '/var/www/html/gpx-history/app/Controllers/AuthController.php', 35)
 2 SYSTEMPATH/CodeIgniter.php(933): App\Controllers\AuthController->login()
 3 SYSTEMPATH/CodeIgniter.php(509): CodeIgniter\CodeIgniter->runController(Object(App\Controllers\AuthController))
 4 SYSTEMPATH/CodeIgniter.php(355): CodeIgniter\CodeIgniter->handleRequest(null, Object(Config\Cache), false)
 5 SYSTEMPATH/Boot.php(325): CodeIgniter\CodeIgniter->run()
 6 SYSTEMPATH/Boot.php(67): CodeIgniter\Boot::runCodeIgniter(Object(CodeIgniter\CodeIgniter))
 7 FCPATH/index.php(56): CodeIgniter\Boot::bootWeb(Object(Config\Paths))
 8 SYSTEMPATH/rewrite.php(44): require_once('/var/www/html/gpx-history/public/index.php')
CRITICAL - 2024-12-27 09:13:32 --> Error: Call to private method CodeIgniter\Shield\Entities\User::setForceReset() from scope CodeIgniter\Entity\Entity
[Method: POST, Route: auth/login]
in SYSTEMPATH/Entity/Entity.php on line 450.
 1 SYSTEMPATH/Entity/Entity.php(165): CodeIgniter\Entity\Entity->__set('force_reset', '0')
 2 SYSTEMPATH/Entity/Entity.php(146): CodeIgniter\Entity\Entity->fill([...])
 3 APPPATH/Controllers/AuthController.php(40): CodeIgniter\Entity\Entity->__construct([...])
 4 SYSTEMPATH/CodeIgniter.php(933): App\Controllers\AuthController->login()
 5 SYSTEMPATH/CodeIgniter.php(509): CodeIgniter\CodeIgniter->runController(Object(App\Controllers\AuthController))
 6 SYSTEMPATH/CodeIgniter.php(355): CodeIgniter\CodeIgniter->handleRequest(null, Object(Config\Cache), false)
 7 SYSTEMPATH/Boot.php(325): CodeIgniter\CodeIgniter->run()
 8 SYSTEMPATH/Boot.php(67): CodeIgniter\Boot::runCodeIgniter(Object(CodeIgniter\CodeIgniter))
 9 FCPATH/index.php(56): CodeIgniter\Boot::bootWeb(Object(Config\Paths))
10 SYSTEMPATH/rewrite.php(44): require_once('/var/www/html/gpx-history/public/index.php')
INFO - 2024-12-27 10:00:48 --> Session: Class initialized using 'CodeIgniter\Session\Handlers\FileHandler' driver.
INFO - 2024-12-27 10:02:45 --> Session: Class initialized using 'CodeIgniter\Session\Handlers\FileHandler' driver.
INFO - 2024-12-27 10:03:02 --> Session: Class initialized using 'CodeIgniter\Session\Handlers\FileHandler' driver.
INFO - 2024-12-27 10:27:02 --> Session: Class initialized using 'CodeIgniter\Session\Handlers\FileHandler' driver.
CRITICAL - 2024-12-27 10:27:02 --> ErrorException: Attempt to read property "raw_token" on null
[Method: POST, Route: api/login]
in APPPATH/Controllers/Api/AuthController.php on line 96.
 1 APPPATH/Controllers/Api/AuthController.php(96): CodeIgniter\Debug\Exceptions->errorHandler(2, 'Attempt to read property "raw_token" on null', '/var/www/html/gpx-history/app/Controllers/Api/AuthController.php', 96)
 2 SYSTEMPATH/CodeIgniter.php(933): App\Controllers\Api\AuthController->login()
 3 SYSTEMPATH/CodeIgniter.php(509): CodeIgniter\CodeIgniter->runController(Object(App\Controllers\Api\AuthController))
 4 SYSTEMPATH/CodeIgniter.php(355): CodeIgniter\CodeIgniter->handleRequest(null, Object(Config\Cache), false)
 5 SYSTEMPATH/Boot.php(325): CodeIgniter\CodeIgniter->run()
 6 SYSTEMPATH/Boot.php(67): CodeIgniter\Boot::runCodeIgniter(Object(CodeIgniter\CodeIgniter))
 7 FCPATH/index.php(56): CodeIgniter\Boot::bootWeb(Object(Config\Paths))
 8 SYSTEMPATH/rewrite.php(44): require_once('/var/www/html/gpx-history/public/index.php')
INFO - 2024-12-27 10:28:27 --> Session: Class initialized using 'CodeIgniter\Session\Handlers\FileHandler' driver.
INFO - 2024-12-27 10:28:33 --> Session: Class initialized using 'CodeIgniter\Session\Handlers\FileHandler' driver.
CRITICAL - 2024-12-27 10:28:33 --> CodeIgniter\Shield\Exceptions\LogicException: The user has User Info in Session, so already logged in or in pending login state. If a logged in user logs in again with other account, the session data of the previous user will be used as the new user. Fix your code to prevent users from logging in without logging out or delete the session data. user_id: 1
[Method: POST, Route: api/login]
in VENDORPATH/codeigniter4/shield/src/Authentication/Authenticators/Session.php on line 651.
 1 VENDORPATH/codeigniter4/shield/src/Authentication/Authenticators/Session.php(177): CodeIgniter\Shield\Authentication\Authenticators\Session->startLogin(Object(CodeIgniter\Shield\Entities\User))
 2 VENDORPATH/codeigniter4/shield/src/Auth.php(191): CodeIgniter\Shield\Authentication\Authenticators\Session->attempt([...])
 3 APPPATH/Controllers/Api/AuthController.php(80): CodeIgniter\Shield\Auth->__call('attempt', [...])
 4 SYSTEMPATH/CodeIgniter.php(933): App\Controllers\Api\AuthController->login()
 5 SYSTEMPATH/CodeIgniter.php(509): CodeIgniter\CodeIgniter->runController(Object(App\Controllers\Api\AuthController))
 6 SYSTEMPATH/CodeIgniter.php(355): CodeIgniter\CodeIgniter->handleRequest(null, Object(Config\Cache), false)
 7 SYSTEMPATH/Boot.php(325): CodeIgniter\CodeIgniter->run()
 8 SYSTEMPATH/Boot.php(67): CodeIgniter\Boot::runCodeIgniter(Object(CodeIgniter\CodeIgniter))
 9 FCPATH/index.php(56): CodeIgniter\Boot::bootWeb(Object(Config\Paths))
10 SYSTEMPATH/rewrite.php(44): require_once('/var/www/html/gpx-history/public/index.php')
INFO - 2024-12-27 10:28:43 --> Session: Class initialized using 'CodeIgniter\Session\Handlers\FileHandler' driver.
CRITICAL - 2024-12-27 10:28:43 --> CodeIgniter\Shield\Exceptions\LogicException: The user has User Info in Session, so already logged in or in pending login state. If a logged in user logs in again with other account, the session data of the previous user will be used as the new user. Fix your code to prevent users from logging in without logging out or delete the session data. user_id: 1
[Method: POST, Route: api/login]
in VENDORPATH/codeigniter4/shield/src/Authentication/Authenticators/Session.php on line 651.
 1 VENDORPATH/codeigniter4/shield/src/Authentication/Authenticators/Session.php(177): CodeIgniter\Shield\Authentication\Authenticators\Session->startLogin(Object(CodeIgniter\Shield\Entities\User))
 2 VENDORPATH/codeigniter4/shield/src/Auth.php(191): CodeIgniter\Shield\Authentication\Authenticators\Session->attempt([...])
 3 APPPATH/Controllers/Api/AuthController.php(80): CodeIgniter\Shield\Auth->__call('attempt', [...])
 4 SYSTEMPATH/CodeIgniter.php(933): App\Controllers\Api\AuthController->login()
 5 SYSTEMPATH/CodeIgniter.php(509): CodeIgniter\CodeIgniter->runController(Object(App\Controllers\Api\AuthController))
 6 SYSTEMPATH/CodeIgniter.php(355): CodeIgniter\CodeIgniter->handleRequest(null, Object(Config\Cache), false)
 7 SYSTEMPATH/Boot.php(325): CodeIgniter\CodeIgniter->run()
 8 SYSTEMPATH/Boot.php(67): CodeIgniter\Boot::runCodeIgniter(Object(CodeIgniter\CodeIgniter))
 9 FCPATH/index.php(56): CodeIgniter\Boot::bootWeb(Object(Config\Paths))
10 SYSTEMPATH/rewrite.php(44): require_once('/var/www/html/gpx-history/public/index.php')
INFO - 2024-12-27 10:30:16 --> Session: Class initialized using 'CodeIgniter\Session\Handlers\FileHandler' driver.
INFO - 2024-12-27 10:30:16 --> Session: Class initialized using 'CodeIgniter\Session\Handlers\FileHandler' driver.
INFO - 2024-12-27 10:30:21 --> Session: Class initialized using 'CodeIgniter\Session\Handlers\FileHandler' driver.
INFO - 2024-12-27 10:30:21 --> Session: Class initialized using 'CodeIgniter\Session\Handlers\FileHandler' driver.
INFO - 2024-12-27 10:30:21 --> Session: Class initialized using 'CodeIgniter\Session\Handlers\FileHandler' driver.
INFO - 2024-12-27 10:30:25 --> Session: Class initialized using 'CodeIgniter\Session\Handlers\FileHandler' driver.
CRITICAL - 2024-12-27 10:30:25 --> CodeIgniter\Shield\Exceptions\LogicException: The user has User Info in Session, so already logged in or in pending login state. If a logged in user logs in again with other account, the session data of the previous user will be used as the new user. Fix your code to prevent users from logging in without logging out or delete the session data. user_id: 1
[Method: POST, Route: api/login]
in VENDORPATH/codeigniter4/shield/src/Authentication/Authenticators/Session.php on line 651.
 1 VENDORPATH/codeigniter4/shield/src/Authentication/Authenticators/Session.php(177): CodeIgniter\Shield\Authentication\Authenticators\Session->startLogin(Object(CodeIgniter\Shield\Entities\User))
 2 VENDORPATH/codeigniter4/shield/src/Auth.php(191): CodeIgniter\Shield\Authentication\Authenticators\Session->attempt([...])
 3 APPPATH/Controllers/Api/AuthController.php(80): CodeIgniter\Shield\Auth->__call('attempt', [...])
 4 SYSTEMPATH/CodeIgniter.php(933): App\Controllers\Api\AuthController->login()
 5 SYSTEMPATH/CodeIgniter.php(509): CodeIgniter\CodeIgniter->runController(Object(App\Controllers\Api\AuthController))
 6 SYSTEMPATH/CodeIgniter.php(355): CodeIgniter\CodeIgniter->handleRequest(null, Object(Config\Cache), false)
 7 SYSTEMPATH/Boot.php(325): CodeIgniter\CodeIgniter->run()
 8 SYSTEMPATH/Boot.php(67): CodeIgniter\Boot::runCodeIgniter(Object(CodeIgniter\CodeIgniter))
 9 FCPATH/index.php(56): CodeIgniter\Boot::bootWeb(Object(Config\Paths))
10 SYSTEMPATH/rewrite.php(44): require_once('/var/www/html/gpx-history/public/index.php')
INFO - 2024-12-27 10:32:03 --> Session: Class initialized using 'CodeIgniter\Session\Handlers\FileHandler' driver.
INFO - 2024-12-27 10:33:12 --> Session: Class initialized using 'CodeIgniter\Session\Handlers\FileHandler' driver.
INFO - 2024-12-27 10:33:17 --> Session: Class initialized using 'CodeIgniter\Session\Handlers\FileHandler' driver.
CRITICAL - 2024-12-27 10:33:17 --> CodeIgniter\Shield\Exceptions\LogicException: The user has User Info in Session, so already logged in or in pending login state. If a logged in user logs in again with other account, the session data of the previous user will be used as the new user. Fix your code to prevent users from logging in without logging out or delete the session data. user_id: 1
[Method: POST, Route: api/login]
in VENDORPATH/codeigniter4/shield/src/Authentication/Authenticators/Session.php on line 651.
 1 VENDORPATH/codeigniter4/shield/src/Authentication/Authenticators/Session.php(177): CodeIgniter\Shield\Authentication\Authenticators\Session->startLogin(Object(CodeIgniter\Shield\Entities\User))
 2 VENDORPATH/codeigniter4/shield/src/Auth.php(191): CodeIgniter\Shield\Authentication\Authenticators\Session->attempt([...])
 3 APPPATH/Controllers/Api/AuthController.php(80): CodeIgniter\Shield\Auth->__call('attempt', [...])
 4 SYSTEMPATH/CodeIgniter.php(933): App\Controllers\Api\AuthController->login()
 5 SYSTEMPATH/CodeIgniter.php(509): CodeIgniter\CodeIgniter->runController(Object(App\Controllers\Api\AuthController))
 6 SYSTEMPATH/CodeIgniter.php(355): CodeIgniter\CodeIgniter->handleRequest(null, Object(Config\Cache), false)
 7 SYSTEMPATH/Boot.php(325): CodeIgniter\CodeIgniter->run()
 8 SYSTEMPATH/Boot.php(67): CodeIgniter\Boot::runCodeIgniter(Object(CodeIgniter\CodeIgniter))
 9 FCPATH/index.php(56): CodeIgniter\Boot::bootWeb(Object(Config\Paths))
10 SYSTEMPATH/rewrite.php(44): require_once('/var/www/html/gpx-history/public/index.php')
INFO - 2024-12-27 10:37:38 --> Session: Class initialized using 'CodeIgniter\Session\Handlers\FileHandler' driver.
CRITICAL - 2024-12-27 10:37:38 --> ErrorException: Attempt to read property "raw_token" on null
[Method: POST, Route: api/login]
in APPPATH/Controllers/Api/AuthController.php on line 102.
 1 APPPATH/Controllers/Api/AuthController.php(102): CodeIgniter\Debug\Exceptions->errorHandler(2, 'Attempt to read property "raw_token" on null', '/var/www/html/gpx-history/app/Controllers/Api/AuthController.php', 102)
 2 SYSTEMPATH/CodeIgniter.php(933): App\Controllers\Api\AuthController->login()
 3 SYSTEMPATH/CodeIgniter.php(509): CodeIgniter\CodeIgniter->runController(Object(App\Controllers\Api\AuthController))
 4 SYSTEMPATH/CodeIgniter.php(355): CodeIgniter\CodeIgniter->handleRequest(null, Object(Config\Cache), false)
 5 SYSTEMPATH/Boot.php(325): CodeIgniter\CodeIgniter->run()
 6 SYSTEMPATH/Boot.php(67): CodeIgniter\Boot::runCodeIgniter(Object(CodeIgniter\CodeIgniter))
 7 FCPATH/index.php(56): CodeIgniter\Boot::bootWeb(Object(Config\Paths))
 8 SYSTEMPATH/rewrite.php(44): require_once('/var/www/html/gpx-history/public/index.php')
INFO - 2024-12-27 10:39:08 --> Session: Class initialized using 'CodeIgniter\Session\Handlers\FileHandler' driver.
INFO - 2024-12-27 11:05:12 --> Session: Class initialized using 'CodeIgniter\Session\Handlers\FileHandler' driver.
INFO - 2024-12-27 11:05:51 --> Session: Class initialized using 'CodeIgniter\Session\Handlers\FileHandler' driver.
CRITICAL - 2024-12-27 11:11:18 --> CodeIgniter\Filters\Exceptions\FilterException: "api-auth" filter must have a matching alias defined.
[Method: POST, Route: api/profile]
in SYSTEMPATH/Filters/Filters.php on line 495.
 1 SYSTEMPATH/Filters/Filters.php(495): CodeIgniter\Filters\Exceptions\FilterException::forNoAlias('api-auth')
 2 SYSTEMPATH/Filters/Filters.php(547): CodeIgniter\Filters\Filters->enableFilter('api-auth', 'before')
 3 SYSTEMPATH/CodeIgniter.php(469): CodeIgniter\Filters\Filters->enableFilters([...], 'before')
 4 SYSTEMPATH/CodeIgniter.php(355): CodeIgniter\CodeIgniter->handleRequest(null, Object(Config\Cache), false)
 5 SYSTEMPATH/Boot.php(325): CodeIgniter\CodeIgniter->run()
 6 SYSTEMPATH/Boot.php(67): CodeIgniter\Boot::runCodeIgniter(Object(CodeIgniter\CodeIgniter))
 7 FCPATH/index.php(56): CodeIgniter\Boot::bootWeb(Object(Config\Paths))
 8 SYSTEMPATH/rewrite.php(44): require_once('/var/www/html/gpx-history/public/index.php')
INFO - 2024-12-27 11:11:25 --> Session: Class initialized using 'CodeIgniter\Session\Handlers\FileHandler' driver.
INFO - 2024-12-27 11:11:32 --> Session: Class initialized using 'CodeIgniter\Session\Handlers\FileHandler' driver.
CRITICAL - 2024-12-27 11:11:37 --> CodeIgniter\Filters\Exceptions\FilterException: "api-auth" filter must have a matching alias defined.
[Method: POST, Route: api/profile]
in SYSTEMPATH/Filters/Filters.php on line 495.
 1 SYSTEMPATH/Filters/Filters.php(495): CodeIgniter\Filters\Exceptions\FilterException::forNoAlias('api-auth')
 2 SYSTEMPATH/Filters/Filters.php(547): CodeIgniter\Filters\Filters->enableFilter('api-auth', 'before')
 3 SYSTEMPATH/CodeIgniter.php(469): CodeIgniter\Filters\Filters->enableFilters([...], 'before')
 4 SYSTEMPATH/CodeIgniter.php(355): CodeIgniter\CodeIgniter->handleRequest(null, Object(Config\Cache), false)
 5 SYSTEMPATH/Boot.php(325): CodeIgniter\CodeIgniter->run()
 6 SYSTEMPATH/Boot.php(67): CodeIgniter\Boot::runCodeIgniter(Object(CodeIgniter\CodeIgniter))
 7 FCPATH/index.php(56): CodeIgniter\Boot::bootWeb(Object(Config\Paths))
 8 SYSTEMPATH/rewrite.php(44): require_once('/var/www/html/gpx-history/public/index.php')
INFO - 2024-12-27 11:16:34 --> Session: Class initialized using 'CodeIgniter\Session\Handlers\FileHandler' driver.
INFO - 2024-12-27 11:23:28 --> Session: Class initialized using 'CodeIgniter\Session\Handlers\FileHandler' driver.
INFO - 2024-12-27 11:23:35 --> Session: Class initialized using 'CodeIgniter\Session\Handlers\FileHandler' driver.
INFO - 2024-12-27 11:23:48 --> Session: Class initialized using 'CodeIgniter\Session\Handlers\FileHandler' driver.
INFO - 2024-12-27 11:28:56 --> Session: Class initialized using 'CodeIgniter\Session\Handlers\FileHandler' driver.
INFO - 2024-12-27 11:32:19 --> Session: Class initialized using 'CodeIgniter\Session\Handlers\FileHandler' driver.
INFO - 2024-12-27 11:32:59 --> Session: Class initialized using 'CodeIgniter\Session\Handlers\FileHandler' driver.
INFO - 2024-12-27 11:33:33 --> Session: Class initialized using 'CodeIgniter\Session\Handlers\FileHandler' driver.
INFO - 2024-12-27 15:32:29 --> Session: Class initialized using 'CodeIgniter\Session\Handlers\FileHandler' driver.
INFO - 2024-12-27 15:32:33 --> Session: Class initialized using 'CodeIgniter\Session\Handlers\FileHandler' driver.
INFO - 2024-12-27 15:36:30 --> Session: Class initialized using 'CodeIgniter\Session\Handlers\FileHandler' driver.
INFO - 2024-12-27 15:36:51 --> Session: Class initialized using 'CodeIgniter\Session\Handlers\FileHandler' driver.
INFO - 2024-12-27 15:36:54 --> Session: Class initialized using 'CodeIgniter\Session\Handlers\FileHandler' driver.
INFO - 2024-12-27 15:41:19 --> Session: Class initialized using 'CodeIgniter\Session\Handlers\FileHandler' driver.
INFO - 2024-12-27 15:41:27 --> Session: Class initialized using 'CodeIgniter\Session\Handlers\FileHandler' driver.
INFO - 2024-12-27 15:41:38 --> Session: Class initialized using 'CodeIgniter\Session\Handlers\FileHandler' driver.
CRITICAL - 2024-12-27 17:13:20 --> Error: Cannot call constructor
[Method: POST, Route: api/show]
in APPPATH/Controllers/Api/AuthController.php on line 16.
 1 SYSTEMPATH/CodeIgniter.php(903): App\Controllers\Api\AuthController->__construct()
 2 SYSTEMPATH/CodeIgniter.php(500): CodeIgniter\CodeIgniter->createController()
 3 SYSTEMPATH/CodeIgniter.php(355): CodeIgniter\CodeIgniter->handleRequest(null, Object(Config\Cache), false)
 4 SYSTEMPATH/Boot.php(325): CodeIgniter\CodeIgniter->run()
 5 SYSTEMPATH/Boot.php(67): CodeIgniter\Boot::runCodeIgniter(Object(CodeIgniter\CodeIgniter))
 6 FCPATH/index.php(56): CodeIgniter\Boot::bootWeb(Object(Config\Paths))
 7 SYSTEMPATH/rewrite.php(44): require_once('/var/www/html/gpx-history/public/index.php')
CRITICAL - 2024-12-27 17:13:37 --> Error: Cannot call constructor
[Method: POST, Route: api/show]
in APPPATH/Controllers/Api/AuthController.php on line 14.
 1 SYSTEMPATH/CodeIgniter.php(903): App\Controllers\Api\AuthController->__construct()
 2 SYSTEMPATH/CodeIgniter.php(500): CodeIgniter\CodeIgniter->createController()
 3 SYSTEMPATH/CodeIgniter.php(355): CodeIgniter\CodeIgniter->handleRequest(null, Object(Config\Cache), false)
 4 SYSTEMPATH/Boot.php(325): CodeIgniter\CodeIgniter->run()
 5 SYSTEMPATH/Boot.php(67): CodeIgniter\Boot::runCodeIgniter(Object(CodeIgniter\CodeIgniter))
 6 FCPATH/index.php(56): CodeIgniter\Boot::bootWeb(Object(Config\Paths))
 7 SYSTEMPATH/rewrite.php(44): require_once('/var/www/html/gpx-history/public/index.php')
